Arguments: 
  /Users/danielolasky/.nvm/versions/node/v7.4.0/bin/node /usr/local/Cellar/yarn/1.0.2/libexec/bin/yarn.js publish

PATH: 
  /Users/danielolasky/.rvm/gems/ruby-2.2.1/bin:/Users/danielolasky/.rvm/gems/ruby-2.2.1@global/bin:/Users/danielolasky/.rvm/rubies/ruby-2.2.1/bin:/Users/danielolasky/.nvm/versions/node/v7.4.0/bin:/usr/local/bin:/usr/bin:/bin:/usr/sbin:/sbin:/Users/danielolasky/.rvm/gems/ruby-2.2.1/bin:/Users/danielolasky/.rvm/gems/ruby-2.2.1@global/bin:/Users/danielolasky/.rvm/rubies/ruby-2.2.1/bin:/Users/danielolasky/.config/yarn/global/node_modules/.bin:/Users/danielolasky/bin:/Users/danielolasky/personal/go/bin:/Users/danielolasky/.rvm/bin:/Users/danielolasky/.config/yarn/global/node_modules/.bin:/Users/danielolasky/bin:/Users/danielolasky/personal/go/bin:/Users/danielolasky/.rvm/bin

Yarn version: 
  1.0.2

Node version: 
  7.4.0

Platform: 
  darwin x64

npm manifest: 
  {
    "name": "apps-build-tool",
    "version": "0.2.0",
    "description": "A toolbox for everything build related. Jenkins, webpack, deployment",
    "main": "build.js",
    "scripts": {
      "test": "mocha ./**/*.spec.js",
      "build": "jenkins-build",
      "publish": "self-publish"
    },
    "bin": {
      "jenkins-build": "./build.js",
      "self-publish": "./self-publish.sh"
    },
    "repository": {
      "type": "git",
      "url": "git+ssh://git@bitbucket.org/redbookplatform/hs-core-build-script.git"
    },
    "author": "alex haines, daniel olasky, tiffany lee",
    "license": "ISC",
    "homepage": "https://bitbucket.org/redbookplatform/hs-core-build-script#readme",
    "is_release_candidate": false,
    "dependencies": {
      "async": "^2.1.4",
      "fs-extra": "^2.1.2",
      "lodash": "^4.17.2",
      "request": "^2.79.0",
      "require-directory": "^2.1.1",
      "shelljs": "^0.7.5",
      "sinon": "^2.3.4",
      "yargs": "^8.0.2"
    },
    "devDependencies": {
      "chai": "^4.0.2",
      "grunt": "^1.0.1",
      "grunt-bump": "^0.8.0",
      "json-update": "^3.0.0",
      "load-grunt-tasks": "^3.5.2",
      "mocha": "^3.4.2",
      "mock-all": "^0.0.4",
      "mock-fs": "^4.4.1"
    }
  }

yarn manifest: 
  No manifest

Lockfile: 
  # THIS IS AN AUTOGENERATED FILE. DO NOT EDIT THIS FILE DIRECTLY.
  # yarn lockfile v1
  
  
  abbrev@1:
    version "1.1.0"
    resolved "http://rbcplatform.artifactoryonline.com/rbcplatform/api/npm/npm-virtual/abbrev/-/abbrev-1.1.0.tgz#d0554c2256636e2f56e7c2e5ad183f859428d81f"
  
  ajv@^4.9.1:
    version "4.11.8"
    resolved "http://rbcplatform.artifactoryonline.com/rbcplatform/api/npm/npm-virtual/ajv/-/ajv-4.11.8.tgz#82ffb02b29e662ae53bdc20af15947706739c536"
    dependencies:
      co "^4.6.0"
      json-stable-stringify "^1.0.1"
  
  ansi-regex@^2.0.0:
    version "2.1.1"
    resolved "http://rbcplatform.artifactoryonline.com/rbcplatform/api/npm/npm-virtual/ansi-regex/-/ansi-regex-2.1.1.tgz#c3b33ab5ee360d86e0e628f0468ae7ef27d654df"
  
  ansi-regex@^3.0.0:
    version "3.0.0"
    resolved "http://rbcplatform.artifactoryonline.com/rbcplatform/api/npm/npm-virtual/ansi-regex/-/ansi-regex-3.0.0.tgz#ed0317c322064f79466c02966bddb605ab37d998"
  
  ansi-styles@^2.2.1:
    version "2.2.1"
    resolved "http://rbcplatform.artifactoryonline.com/rbcplatform/api/npm/npm-virtual/ansi-styles/-/ansi-styles-2.2.1.tgz#b432dd3358b634cf75e1e4664368240533c1ddbe"
  
  argparse@^1.0.2:
    version "1.0.9"
    resolved "http://rbcplatform.artifactoryonline.com/rbcplatform/api/npm/npm-virtual/argparse/-/argparse-1.0.9.tgz#73d83bc263f86e97f8cc4f6bae1b0e90a7d22c86"
    dependencies:
      sprintf-js "~1.0.2"
  
  array-differ@^1.0.0:
    version "1.0.0"
    resolved "http://rbcplatform.artifactoryonline.com/rbcplatform/api/npm/npm-virtual/array-differ/-/array-differ-1.0.0.tgz#eff52e3758249d33be402b8bb8e564bb2b5d4031"
  
  array-find-index@^1.0.1:
    version "1.0.2"
    resolved "http://rbcplatform.artifactoryonline.com/rbcplatform/api/npm/npm-virtual/array-find-index/-/array-find-index-1.0.2.tgz#df010aa1287e164bbda6f9723b0a96a1ec4187a1"
  
  array-union@^1.0.1:
    version "1.0.2"
    resolved "http://rbcplatform.artifactoryonline.com/rbcplatform/api/npm/npm-virtual/array-union/-/array-union-1.0.2.tgz#9a34410e4f4e3da23dea375be5be70f24778ec39"
    dependencies:
      array-uniq "^1.0.1"
  
  array-uniq@^1.0.1:
    version "1.0.3"
    resolved "http://rbcplatform.artifactoryonline.com/rbcplatform/api/npm/npm-virtual/array-uniq/-/array-uniq-1.0.3.tgz#af6ac877a25cc7f74e058894753858dfdb24fdb6"
  
  arrify@^1.0.0:
    version "1.0.1"
    resolved "http://rbcplatform.artifactoryonline.com/rbcplatform/api/npm/npm-virtual/arrify/-/arrify-1.0.1.tgz#898508da2226f380df904728456849c1501a4b0d"
  
  asn1@~0.2.3:
    version "0.2.3"
    resolved "http://rbcplatform.artifactoryonline.com/rbcplatform/api/npm/npm-virtual/asn1/-/asn1-0.2.3.tgz#dac8787713c9966849fc8180777ebe9c1ddf3b86"
  
  assert-plus@1.0.0, assert-plus@^1.0.0:
    version "1.0.0"
    resolved "http://rbcplatform.artifactoryonline.com/rbcplatform/api/npm/npm-virtual/assert-plus/-/assert-plus-1.0.0.tgz#f12e0f3c5d77b0b1cdd9146942e4e96c1e4dd525"
  
  assert-plus@^0.2.0:
    version "0.2.0"
    resolved "http://rbcplatform.artifactoryonline.com/rbcplatform/api/npm/npm-virtual/assert-plus/-/assert-plus-0.2.0.tgz#d74e1b87e7affc0db8aadb7021f3fe48101ab234"
  
  assertion-error@^1.0.1:
    version "1.0.2"
    resolved "http://rbcplatform.artifactoryonline.com/rbcplatform/api/npm/npm-virtual/assertion-error/-/assertion-error-1.0.2.tgz#13ca515d86206da0bac66e834dd397d87581094c"
  
  async@^2.1.4:
    version "2.4.1"
    resolved "http://rbcplatform.artifactoryonline.com/rbcplatform/api/npm/npm-virtual/async/-/async-2.4.1.tgz#62a56b279c98a11d0987096a01cc3eeb8eb7bbd7"
    dependencies:
      lodash "^4.14.0"
  
  async@~1.5.2:
    version "1.5.2"
    resolved "http://rbcplatform.artifactoryonline.com/rbcplatform/api/npm/npm-virtual/async/-/async-1.5.2.tgz#ec6a61ae56480c0c3cb241c95618e20892f9672a"
  
  asynckit@^0.4.0:
    version "0.4.0"
    resolved "http://rbcplatform.artifactoryonline.com/rbcplatform/api/npm/npm-virtual/asynckit/-/asynckit-0.4.0.tgz#c79ed97f7f34cb8f2ba1bc9790bcc366474b4b79"
  
  aws-sign2@~0.6.0:
    version "0.6.0"
    resolved "http://rbcplatform.artifactoryonline.com/rbcplatform/api/npm/npm-virtual/aws-sign2/-/aws-sign2-0.6.0.tgz#14342dd38dbcc94d0e5b87d763cd63612c0e794f"
  
  aws4@^1.2.1:
    version "1.6.0"
    resolved "http://rbcplatform.artifactoryonline.com/rbcplatform/api/npm/npm-virtual/aws4/-/aws4-1.6.0.tgz#83ef5ca860b2b32e4a0deedee8c771b9db57471e"
  
  balanced-match@^0.4.1:
    version "0.4.2"
    resolved "http://rbcplatform.artifactoryonline.com/rbcplatform/api/npm/npm-virtual/balanced-match/-/balanced-match-0.4.2.tgz#cb3f3e3c732dc0f01ee70b403f302e61d7709838"
  
  bcrypt-pbkdf@^1.0.0:
    version "1.0.1"
    resolved "http://rbcplatform.artifactoryonline.com/rbcplatform/api/npm/npm-virtual/bcrypt-pbkdf/-/bcrypt-pbkdf-1.0.1.tgz#63bc5dcb61331b92bc05fd528953c33462a06f8d"
    dependencies:
      tweetnacl "^0.14.3"
  
  boom@2.x.x:
    version "2.10.1"
    resolved "http://rbcplatform.artifactoryonline.com/rbcplatform/api/npm/npm-virtual/boom/-/boom-2.10.1.tgz#39c8918ceff5799f83f9492a848f625add0c766f"
    dependencies:
      hoek "2.x.x"
  
  brace-expansion@^1.1.7:
    version "1.1.7"
    resolved "http://rbcplatform.artifactoryonline.com/rbcplatform/api/npm/npm-virtual/brace-expansion/-/brace-expansion-1.1.7.tgz#3effc3c50e000531fb720eaff80f0ae8ef23cf59"
    dependencies:
      balanced-match "^0.4.1"
      concat-map "0.0.1"
  
  browser-stdout@1.3.0:
    version "1.3.0"
    resolved "http://rbcplatform.artifactoryonline.com/rbcplatform/api/npm/npm-virtual/browser-stdout/-/browser-stdout-1.3.0.tgz#f351d32969d32fa5d7a5567154263d928ae3bd1f"
  
  builtin-modules@^1.0.0:
    version "1.1.1"
    resolved "http://rbcplatform.artifactoryonline.com/rbcplatform/api/npm/npm-virtual/builtin-modules/-/builtin-modules-1.1.1.tgz#270f076c5a72c02f5b65a47df94c5fe3a278892f"
  
  camelcase-keys@^2.0.0:
    version "2.1.0"
    resolved "http://rbcplatform.artifactoryonline.com/rbcplatform/api/npm/npm-virtual/camelcase-keys/-/camelcase-keys-2.1.0.tgz#308beeaffdf28119051efa1d932213c91b8f92e7"
    dependencies:
      camelcase "^2.0.0"
      map-obj "^1.0.0"
  
  camelcase@^2.0.0:
    version "2.1.1"
    resolved "http://rbcplatform.artifactoryonline.com/rbcplatform/api/npm/npm-virtual/camelcase/-/camelcase-2.1.1.tgz#7c1d16d679a1bbe59ca02cacecfb011e201f5a1f"
  
  camelcase@^4.1.0:
    version "4.1.0"
    resolved "http://rbcplatform.artifactoryonline.com/rbcplatform/api/npm/npm-virtual/camelcase/-/camelcase-4.1.0.tgz#d545635be1e33c542649c69173e5de6acfae34dd"
  
  caseless@~0.12.0:
    version "0.12.0"
    resolved "http://rbcplatform.artifactoryonline.com/rbcplatform/api/npm/npm-virtual/caseless/-/caseless-0.12.0.tgz#1b681c21ff84033c826543090689420d187151dc"
  
  chai@^4.0.2:
    version "4.0.2"
    resolved "http://rbcplatform.artifactoryonline.com/rbcplatform/api/npm/npm-virtual/chai/-/chai-4.0.2.tgz#2f7327c4de6f385dd7787999e2ab02697a32b83b"
    dependencies:
      assertion-error "^1.0.1"
      check-error "^1.0.1"
      deep-eql "^2.0.1"
      get-func-name "^2.0.0"
      pathval "^1.0.0"
      type-detect "^4.0.0"
  
  chalk@~1.1.1:
    version "1.1.3"
    resolved "http://rbcplatform.artifactoryonline.com/rbcplatform/api/npm/npm-virtual/chalk/-/chalk-1.1.3.tgz#a8115c55e4a702fe4d150abd3872822a7e09fc98"
    dependencies:
      ansi-styles "^2.2.1"
      escape-string-regexp "^1.0.2"
      has-ansi "^2.0.0"
      strip-ansi "^3.0.0"
      supports-color "^2.0.0"
  
  check-error@^1.0.1:
    version "1.0.2"
    resolved "http://rbcplatform.artifactoryonline.com/rbcplatform/api/npm/npm-virtual/check-error/-/check-error-1.0.2.tgz#574d312edd88bb5dd8912e9286dd6c0aed4aac82"
  
  cliui@^3.2.0:
    version "3.2.0"
    resolved "http://rbcplatform.artifactoryonline.com/rbcplatform/api/npm/npm-virtual/cliui/-/cliui-3.2.0.tgz#120601537a916d29940f934da3b48d585a39213d"
    dependencies:
      string-width "^1.0.1"
      strip-ansi "^3.0.1"
      wrap-ansi "^2.0.0"
  
  co@^4.6.0:
    version "4.6.0"
    resolved "http://rbcplatform.artifactoryonline.com/rbcplatform/api/npm/npm-virtual/co/-/co-4.6.0.tgz#6ea6bdf3d853ae54ccb8e47bfa0bf3f9031fb184"
  
  code-point-at@^1.0.0:
    version "1.1.0"
    resolved "http://rbcplatform.artifactoryonline.com/rbcplatform/api/npm/npm-virtual/code-point-at/-/code-point-at-1.1.0.tgz#0d070b4d043a5bea33a2f1a40e2edb3d9a4ccf77"
  
  coffee-script@~1.10.0:
    version "1.10.0"
    resolved "http://rbcplatform.artifactoryonline.com/rbcplatform/api/npm/npm-virtual/coffee-script/-/coffee-script-1.10.0.tgz#12938bcf9be1948fa006f92e0c4c9e81705108c0"
  
  colors@~1.1.2:
    version "1.1.2"
    resolved "http://rbcplatform.artifactoryonline.com/rbcplatform/api/npm/npm-virtual/colors/-/colors-1.1.2.tgz#168a4701756b6a7f51a12ce0c97bfa28c084ed63"
  
  combined-stream@^1.0.5, combined-stream@~1.0.5:
    version "1.0.5"
    resolved "http://rbcplatform.artifactoryonline.com/rbcplatform/api/npm/npm-virtual/combined-stream/-/combined-stream-1.0.5.tgz#938370a57b4a51dea2c77c15d5c5fdf895164009"
    dependencies:
      delayed-stream "~1.0.0"
  
  commander@2.9.0:
    version "2.9.0"
    resolved "http://rbcplatform.artifactoryonline.com/rbcplatform/api/npm/npm-virtual/commander/-/commander-2.9.0.tgz#9c99094176e12240cb22d6c5146098400fe0f7d4"
    dependencies:
      graceful-readlink ">= 1.0.0"
  
  concat-map@0.0.1:
    version "0.0.1"
    resolved "http://rbcplatform.artifactoryonline.com/rbcplatform/api/npm/npm-virtual/concat-map/-/concat-map-0.0.1.tgz#d8a96bd77fd68df7793a73036a3ba0d5405d477b"
  
  cross-spawn@^4.0.0:
    version "4.0.2"
    resolved "http://rbcplatform.artifactoryonline.com/rbcplatform/api/npm/npm-virtual/cross-spawn/-/cross-spawn-4.0.2.tgz#7b9247621c23adfdd3856004a823cbe397424d41"
    dependencies:
      lru-cache "^4.0.1"
      which "^1.2.9"
  
  cryptiles@2.x.x:
    version "2.0.5"
    resolved "http://rbcplatform.artifactoryonline.com/rbcplatform/api/npm/npm-virtual/cryptiles/-/cryptiles-2.0.5.tgz#3bdfecdc608147c1c67202fa291e7dca59eaa3b8"
    dependencies:
      boom "2.x.x"
  
  currently-unhandled@^0.4.1:
    version "0.4.1"
    resolved "http://rbcplatform.artifactoryonline.com/rbcplatform/api/npm/npm-virtual/currently-unhandled/-/currently-unhandled-0.4.1.tgz#988df33feab191ef799a61369dd76c17adf957ea"
    dependencies:
      array-find-index "^1.0.1"
  
  dashdash@^1.12.0:
    version "1.14.1"
    resolved "http://rbcplatform.artifactoryonline.com/rbcplatform/api/npm/npm-virtual/dashdash/-/dashdash-1.14.1.tgz#853cfa0f7cbe2fed5de20326b8dd581035f6e2f0"
    dependencies:
      assert-plus "^1.0.0"
  
  dateformat@~1.0.12:
    version "1.0.12"
    resolved "http://rbcplatform.artifactoryonline.com/rbcplatform/api/npm/npm-virtual/dateformat/-/dateformat-1.0.12.tgz#9f124b67594c937ff706932e4a642cca8dbbfee9"
    dependencies:
      get-stdin "^4.0.1"
      meow "^3.3.0"
  
  debug@2.6.0:
    version "2.6.0"
    resolved "http://rbcplatform.artifactoryonline.com/rbcplatform/api/npm/npm-virtual/debug/-/debug-2.6.0.tgz#bc596bcabe7617f11d9fa15361eded5608b8499b"
    dependencies:
      ms "0.7.2"
  
  decamelize@^1.1.1, decamelize@^1.1.2:
    version "1.2.0"
    resolved "http://rbcplatform.artifactoryonline.com/rbcplatform/api/npm/npm-virtual/decamelize/-/decamelize-1.2.0.tgz#f6534d15148269b20352e7bee26f501f9a191290"
  
  deep-eql@^2.0.1:
    version "2.0.2"
    resolved "http://rbcplatform.artifactoryonline.com/rbcplatform/api/npm/npm-virtual/deep-eql/-/deep-eql-2.0.2.tgz#b1bac06e56f0a76777686d50c9feb75c2ed7679a"
    dependencies:
      type-detect "^3.0.0"
  
  deep-extend@^0.4.1:
    version "0.4.2"
    resolved "http://rbcplatform.artifactoryonline.com/rbcplatform/api/npm/npm-virtual/deep-extend/-/deep-extend-0.4.2.tgz#48b699c27e334bf89f10892be432f6e4c7d34a7f"
  
  delayed-stream@~1.0.0:
    version "1.0.0"
    resolved "http://rbcplatform.artifactoryonline.com/rbcplatform/api/npm/npm-virtual/delayed-stream/-/delayed-stream-1.0.0.tgz#df3ae199acadfb7d440aaae0b29e2272b24ec619"
  
  diff@3.2.0, diff@^3.1.0:
    version "3.2.0"
    resolved "http://rbcplatform.artifactoryonline.com/rbcplatform/api/npm/npm-virtual/diff/-/diff-3.2.0.tgz#c9ce393a4b7cbd0b058a725c93df299027868ff9"
  
  ecc-jsbn@~0.1.1:
    version "0.1.1"
    resolved "http://rbcplatform.artifactoryonline.com/rbcplatform/api/npm/npm-virtual/ecc-jsbn/-/ecc-jsbn-0.1.1.tgz#0fc73a9ed5f0d53c38193398523ef7e543777505"
    dependencies:
      jsbn "~0.1.0"
  
  error-ex@^1.2.0:
    version "1.3.1"
    resolved "http://rbcplatform.artifactoryonline.com/rbcplatform/api/npm/npm-virtual/error-ex/-/error-ex-1.3.1.tgz#f855a86ce61adc4e8621c3cda21e7a7612c3a8dc"
    dependencies:
      is-arrayish "^0.2.1"
  
  escape-string-regexp@1.0.5, escape-string-regexp@^1.0.2:
    version "1.0.5"
    resolved "http://rbcplatform.artifactoryonline.com/rbcplatform/api/npm/npm-virtual/escape-string-regexp/-/escape-string-regexp-1.0.5.tgz#1b61c0562190a8dff6ae3bb2cf0200ca130b86d4"
  
  esprima@^2.6.0:
    version "2.7.3"
    resolved "http://rbcplatform.artifactoryonline.com/rbcplatform/api/npm/npm-virtual/esprima/-/esprima-2.7.3.tgz#96e3b70d5779f6ad49cd032673d1c312767ba581"
  
  eventemitter2@~0.4.13:
    version "0.4.14"
    resolved "http://rbcplatform.artifactoryonline.com/rbcplatform/api/npm/npm-virtual/eventemitter2/-/eventemitter2-0.4.14.tgz#8f61b75cde012b2e9eb284d4545583b5643b61ab"
  
  execa@^0.5.0:
    version "0.5.1"
    resolved "http://rbcplatform.artifactoryonline.com/rbcplatform/api/npm/npm-virtual/execa/-/execa-0.5.1.tgz#de3fb85cb8d6e91c85bcbceb164581785cb57b36"
    dependencies:
      cross-spawn "^4.0.0"
      get-stream "^2.2.0"
      is-stream "^1.1.0"
      npm-run-path "^2.0.0"
      p-finally "^1.0.0"
      signal-exit "^3.0.0"
      strip-eof "^1.0.0"
  
  exit@~0.1.1:
    version "0.1.2"
    resolved "http://rbcplatform.artifactoryonline.com/rbcplatform/api/npm/npm-virtual/exit/-/exit-0.1.2.tgz#0632638f8d877cc82107d30a0fff1a17cba1cd0c"
  
  extend@~3.0.0:
    version "3.0.1"
    resolved "http://rbcplatform.artifactoryonline.com/rbcplatform/api/npm/npm-virtual/extend/-/extend-3.0.1.tgz#a755ea7bc1adfcc5a31ce7e762dbaadc5e636444"
  
  extsprintf@1.0.2:
    version "1.0.2"
    resolved "http://rbcplatform.artifactoryonline.com/rbcplatform/api/npm/npm-virtual/extsprintf/-/extsprintf-1.0.2.tgz#e1080e0658e300b06294990cc70e1502235fd550"
  
  find-up@^1.0.0:
    version "1.1.2"
    resolved "http://rbcplatform.artifactoryonline.com/rbcplatform/api/npm/npm-virtual/find-up/-/find-up-1.1.2.tgz#6b2e9822b1a2ce0a60ab64d610eccad53cb24d0f"
    dependencies:
      path-exists "^2.0.0"
      pinkie-promise "^2.0.0"
  
  find-up@^2.0.0:
    version "2.1.0"
    resolved "http://rbcplatform.artifactoryonline.com/rbcplatform/api/npm/npm-virtual/find-up/-/find-up-2.1.0.tgz#45d1b7e506c717ddd482775a2b77920a3c0c57a7"
    dependencies:
      locate-path "^2.0.0"
  
  findup-sync@~0.3.0:
    version "0.3.0"
    resolved "http://rbcplatform.artifactoryonline.com/rbcplatform/api/npm/npm-virtual/findup-sync/-/findup-sync-0.3.0.tgz#37930aa5d816b777c03445e1966cc6790a4c0b16"
    dependencies:
      glob "~5.0.0"
  
  forever-agent@~0.6.1:
    version "0.6.1"
    resolved "http://rbcplatform.artifactoryonline.com/rbcplatform/api/npm/npm-virtual/forever-agent/-/forever-agent-0.6.1.tgz#fbc71f0c41adeb37f96c577ad1ed42d8fdacca91"
  
  form-data@~2.1.1:
    version "2.1.4"
    resolved "http://rbcplatform.artifactoryonline.com/rbcplatform/api/npm/npm-virtual/form-data/-/form-data-2.1.4.tgz#33c183acf193276ecaa98143a69e94bfee1750d1"
    dependencies:
      asynckit "^0.4.0"
      combined-stream "^1.0.5"
      mime-types "^2.1.12"
  
  formatio@1.2.0:
    version "1.2.0"
    resolved "http://rbcplatform.artifactoryonline.com/rbcplatform/api/npm/npm-virtual/formatio/-/formatio-1.2.0.tgz#f3b2167d9068c4698a8d51f4f760a39a54d818eb"
    dependencies:
      samsam "1.x"
  
  fs-extra@, fs-extra@^2.1.2:
    version "2.1.2"
    resolved "http://rbcplatform.artifactoryonline.com/rbcplatform/api/npm/npm-virtual/fs-extra/-/fs-extra-2.1.2.tgz#046c70163cef9aad46b0e4a7fa467fb22d71de35"
    dependencies:
      graceful-fs "^4.1.2"
      jsonfile "^2.1.0"
  
  fs.realpath@^1.0.0:
    version "1.0.0"
    resolved "http://rbcplatform.artifactoryonline.com/rbcplatform/api/npm/npm-virtual/fs.realpath/-/fs.realpath-1.0.0.tgz#1504ad2523158caa40db4a2787cb01411994ea4f"
  
  get-caller-file@^1.0.1:
    version "1.0.2"
    resolved "http://rbcplatform.artifactoryonline.com/rbcplatform/api/npm/npm-virtual/get-caller-file/-/get-caller-file-1.0.2.tgz#f702e63127e7e231c160a80c1554acb70d5047e5"
  
  get-func-name@^2.0.0:
    version "2.0.0"
    resolved "http://rbcplatform.artifactoryonline.com/rbcplatform/api/npm/npm-virtual/get-func-name/-/get-func-name-2.0.0.tgz#ead774abee72e20409433a066366023dd6887a41"
  
  get-stdin@^4.0.1:
    version "4.0.1"
    resolved "http://rbcplatform.artifactoryonline.com/rbcplatform/api/npm/npm-virtual/get-stdin/-/get-stdin-4.0.1.tgz#b968c6b0a04384324902e8bf1a5df32579a450fe"
  
  get-stream@^2.2.0:
    version "2.3.1"
    resolved "http://rbcplatform.artifactoryonline.com/rbcplatform/api/npm/npm-virtual/get-stream/-/get-stream-2.3.1.tgz#5f38f93f346009666ee0150a054167f91bdd95de"
    dependencies:
      object-assign "^4.0.1"
      pinkie-promise "^2.0.0"
  
  getobject@~0.1.0:
    version "0.1.0"
    resolved "http://rbcplatform.artifactoryonline.com/rbcplatform/api/npm/npm-virtual/getobject/-/getobject-0.1.0.tgz#047a449789fa160d018f5486ed91320b6ec7885c"
  
  getpass@^0.1.1:
    version "0.1.7"
    resolved "http://rbcplatform.artifactoryonline.com/rbcplatform/api/npm/npm-virtual/getpass/-/getpass-0.1.7.tgz#5eff8e3e684d569ae4cb2b1282604e8ba62149fa"
    dependencies:
      assert-plus "^1.0.0"
  
  glob@7.1.1:
    version "7.1.1"
    resolved "http://rbcplatform.artifactoryonline.com/rbcplatform/api/npm/npm-virtual/glob/-/glob-7.1.1.tgz#805211df04faaf1c63a3600306cdf5ade50b2ec8"
    dependencies:
      fs.realpath "^1.0.0"
      inflight "^1.0.4"
      inherits "2"
      minimatch "^3.0.2"
      once "^1.3.0"
      path-is-absolute "^1.0.0"
  
  glob@^7.0.0:
    version "7.1.2"
    resolved "http://rbcplatform.artifactoryonline.com/rbcplatform/api/npm/npm-virtual/glob/-/glob-7.1.2.tgz#c19c9df9a028702d678612384a6552404c636d15"
    dependencies:
      fs.realpath "^1.0.0"
      inflight "^1.0.4"
      inherits "2"
      minimatch "^3.0.4"
      once "^1.3.0"
      path-is-absolute "^1.0.0"
  
  glob@~5.0.0:
    version "5.0.15"
    resolved "http://rbcplatform.artifactoryonline.com/rbcplatform/api/npm/npm-virtual/glob/-/glob-5.0.15.tgz#1bc936b9e02f4a603fcc222ecf7633d30b8b93b1"
    dependencies:
      inflight "^1.0.4"
      inherits "2"
      minimatch "2 || 3"
      once "^1.3.0"
      path-is-absolute "^1.0.0"
  
  glob@~7.0.0:
    version "7.0.6"
    resolved "http://rbcplatform.artifactoryonline.com/rbcplatform/api/npm/npm-virtual/glob/-/glob-7.0.6.tgz#211bafaf49e525b8cd93260d14ab136152b3f57a"
    dependencies:
      fs.realpath "^1.0.0"
      inflight "^1.0.4"
      inherits "2"
      minimatch "^3.0.2"
      once "^1.3.0"
      path-is-absolute "^1.0.0"
  
  graceful-fs@^4.1.2, graceful-fs@^4.1.6:
    version "4.1.11"
    resolved "http://rbcplatform.artifactoryonline.com/rbcplatform/api/npm/npm-virtual/graceful-fs/-/graceful-fs-4.1.11.tgz#0e8bdfe4d1ddb8854d64e04ea7c00e2a026e5658"
  
  "graceful-readlink@>= 1.0.0":
    version "1.0.1"
    resolved "http://rbcplatform.artifactoryonline.com/rbcplatform/api/npm/npm-virtual/graceful-readlink/-/graceful-readlink-1.0.1.tgz#4cafad76bc62f02fa039b2f94e9a3dd3a391a725"
  
  growl@1.9.2:
    version "1.9.2"
    resolved "http://rbcplatform.artifactoryonline.com/rbcplatform/api/npm/npm-virtual/growl/-/growl-1.9.2.tgz#0ea7743715db8d8de2c5ede1775e1b45ac85c02f"
  
  grunt-bump@^0.8.0:
    version "0.8.0"
    resolved "http://rbcplatform.artifactoryonline.com/rbcplatform/api/npm/npm-virtual/grunt-bump/-/grunt-bump-0.8.0.tgz#d3ffe0cf3cf0b38e09607b78538f42a531eafe55"
    dependencies:
      semver "^5.1.0"
  
  grunt-cli@~1.2.0:
    version "1.2.0"
    resolved "http://rbcplatform.artifactoryonline.com/rbcplatform/api/npm/npm-virtual/grunt-cli/-/grunt-cli-1.2.0.tgz#562b119ebb069ddb464ace2845501be97b35b6a8"
    dependencies:
      findup-sync "~0.3.0"
      grunt-known-options "~1.1.0"
      nopt "~3.0.6"
      resolve "~1.1.0"
  
  grunt-known-options@~1.1.0:
    version "1.1.0"
    resolved "http://rbcplatform.artifactoryonline.com/rbcplatform/api/npm/npm-virtual/grunt-known-options/-/grunt-known-options-1.1.0.tgz#a4274eeb32fa765da5a7a3b1712617ce3b144149"
  
  grunt-legacy-log-utils@~1.0.0:
    version "1.0.0"
    resolved "http://rbcplatform.artifactoryonline.com/rbcplatform/api/npm/npm-virtual/grunt-legacy-log-utils/-/grunt-legacy-log-utils-1.0.0.tgz#a7b8e2d0fb35b5a50f4af986fc112749ebc96f3d"
    dependencies:
      chalk "~1.1.1"
      lodash "~4.3.0"
  
  grunt-legacy-log@~1.0.0:
    version "1.0.0"
    resolved "http://rbcplatform.artifactoryonline.com/rbcplatform/api/npm/npm-virtual/grunt-legacy-log/-/grunt-legacy-log-1.0.0.tgz#fb86f1809847bc07dc47843f9ecd6cacb62df2d5"
    dependencies:
      colors "~1.1.2"
      grunt-legacy-log-utils "~1.0.0"
      hooker "~0.2.3"
      lodash "~3.10.1"
      underscore.string "~3.2.3"
  
  grunt-legacy-util@~1.0.0:
    version "1.0.0"
    resolved "http://rbcplatform.artifactoryonline.com/rbcplatform/api/npm/npm-virtual/grunt-legacy-util/-/grunt-legacy-util-1.0.0.tgz#386aa78dc6ed50986c2b18957265b1b48abb9b86"
    dependencies:
      async "~1.5.2"
      exit "~0.1.1"
      getobject "~0.1.0"
      hooker "~0.2.3"
      lodash "~4.3.0"
      underscore.string "~3.2.3"
      which "~1.2.1"
  
  grunt@^1.0.1:
    version "1.0.1"
    resolved "http://rbcplatform.artifactoryonline.com/rbcplatform/api/npm/npm-virtual/grunt/-/grunt-1.0.1.tgz#e8778764e944b18f32bb0f10b9078475c9dfb56b"
    dependencies:
      coffee-script "~1.10.0"
      dateformat "~1.0.12"
      eventemitter2 "~0.4.13"
      exit "~0.1.1"
      findup-sync "~0.3.0"
      glob "~7.0.0"
      grunt-cli "~1.2.0"
      grunt-known-options "~1.1.0"
      grunt-legacy-log "~1.0.0"
      grunt-legacy-util "~1.0.0"
      iconv-lite "~0.4.13"
      js-yaml "~3.5.2"
      minimatch "~3.0.0"
      nopt "~3.0.6"
      path-is-absolute "~1.0.0"
      rimraf "~2.2.8"
  
  har-schema@^1.0.5:
    version "1.0.5"
    resolved "http://rbcplatform.artifactoryonline.com/rbcplatform/api/npm/npm-virtual/har-schema/-/har-schema-1.0.5.tgz#d263135f43307c02c602afc8fe95970c0151369e"
  
  har-validator@~4.2.1:
    version "4.2.1"
    resolved "http://rbcplatform.artifactoryonline.com/rbcplatform/api/npm/npm-virtual/har-validator/-/har-validator-4.2.1.tgz#33481d0f1bbff600dd203d75812a6a5fba002e2a"
    dependencies:
      ajv "^4.9.1"
      har-schema "^1.0.5"
  
  has-ansi@^2.0.0:
    version "2.0.0"
    resolved "http://rbcplatform.artifactoryonline.com/rbcplatform/api/npm/npm-virtual/has-ansi/-/has-ansi-2.0.0.tgz#34f5049ce1ecdf2b0649af3ef24e45ed35416d91"
    dependencies:
      ansi-regex "^2.0.0"
  
  has-flag@^1.0.0:
    version "1.0.0"
    resolved "http://rbcplatform.artifactoryonline.com/rbcplatform/api/npm/npm-virtual/has-flag/-/has-flag-1.0.0.tgz#9d9e793165ce017a00f00418c43f942a7b1d11fa"
  
  hawk@~3.1.3:
    version "3.1.3"
    resolved "http://rbcplatform.artifactoryonline.com/rbcplatform/api/npm/npm-virtual/hawk/-/hawk-3.1.3.tgz#078444bd7c1640b0fe540d2c9b73d59678e8e1c4"
    dependencies:
      boom "2.x.x"
      cryptiles "2.x.x"
      hoek "2.x.x"
      sntp "1.x.x"
  
  hoek@2.x.x:
    version "2.16.3"
    resolved "http://rbcplatform.artifactoryonline.com/rbcplatform/api/npm/npm-virtual/hoek/-/hoek-2.16.3.tgz#20bb7403d3cea398e91dc4710a8ff1b8274a25ed"
  
  hooker@~0.2.3:
    version "0.2.3"
    resolved "http://rbcplatform.artifactoryonline.com/rbcplatform/api/npm/npm-virtual/hooker/-/hooker-0.2.3.tgz#b834f723cc4a242aa65963459df6d984c5d3d959"
  
  hosted-git-info@^2.1.4:
    version "2.4.2"
    resolved "http://rbcplatform.artifactoryonline.com/rbcplatform/api/npm/npm-virtual/hosted-git-info/-/hosted-git-info-2.4.2.tgz#0076b9f46a270506ddbaaea56496897460612a67"
  
  http-signature@~1.1.0:
    version "1.1.1"
    resolved "http://rbcplatform.artifactoryonline.com/rbcplatform/api/npm/npm-virtual/http-signature/-/http-signature-1.1.1.tgz#df72e267066cd0ac67fb76adf8e134a8fbcf91bf"
    dependencies:
      assert-plus "^0.2.0"
      jsprim "^1.2.2"
      sshpk "^1.7.0"
  
  iconv-lite@~0.4.13:
    version "0.4.17"
    resolved "http://rbcplatform.artifactoryonline.com/rbcplatform/api/npm/npm-virtual/iconv-lite/-/iconv-lite-0.4.17.tgz#4fdaa3b38acbc2c031b045d0edcdfe1ecab18c8d"
  
  indent-string@^2.1.0:
    version "2.1.0"
    resolved "http://rbcplatform.artifactoryonline.com/rbcplatform/api/npm/npm-virtual/indent-string/-/indent-string-2.1.0.tgz#8e2d48348742121b4a8218b7a137e9a52049dc80"
    dependencies:
      repeating "^2.0.0"
  
  inflight@^1.0.4:
    version "1.0.6"
    resolved "http://rbcplatform.artifactoryonline.com/rbcplatform/api/npm/npm-virtual/inflight/-/inflight-1.0.6.tgz#49bd6331d7d02d0c09bc910a1075ba8165b56df9"
    dependencies:
      once "^1.3.0"
      wrappy "1"
  
  inherits@2:
    version "2.0.3"
    resolved "http://rbcplatform.artifactoryonline.com/rbcplatform/api/npm/npm-virtual/inherits/-/inherits-2.0.3.tgz#633c2c83e3da42a502f52466022480f4208261de"
  
  interpret@^1.0.0:
    version "1.0.3"
    resolved "http://rbcplatform.artifactoryonline.com/rbcplatform/api/npm/npm-virtual/interpret/-/interpret-1.0.3.tgz#cbc35c62eeee73f19ab7b10a801511401afc0f90"
  
  invert-kv@^1.0.0:
    version "1.0.0"
    resolved "http://rbcplatform.artifactoryonline.com/rbcplatform/api/npm/npm-virtual/invert-kv/-/invert-kv-1.0.0.tgz#104a8e4aaca6d3d8cd157a8ef8bfab2d7a3ffdb6"
  
  is-arrayish@^0.2.1:
    version "0.2.1"
    resolved "http://rbcplatform.artifactoryonline.com/rbcplatform/api/npm/npm-virtual/is-arrayish/-/is-arrayish-0.2.1.tgz#77c99840527aa8ecb1a8ba697b80645a7a926a9d"
  
  is-builtin-module@^1.0.0:
    version "1.0.0"
    resolved "http://rbcplatform.artifactoryonline.com/rbcplatform/api/npm/npm-virtual/is-builtin-module/-/is-builtin-module-1.0.0.tgz#540572d34f7ac3119f8f76c30cbc1b1e037affbe"
    dependencies:
      builtin-modules "^1.0.0"
  
  is-finite@^1.0.0:
    version "1.0.2"
    resolved "http://rbcplatform.artifactoryonline.com/rbcplatform/api/npm/npm-virtual/is-finite/-/is-finite-1.0.2.tgz#cc6677695602be550ef11e8b4aa6305342b6d0aa"
    dependencies:
      number-is-nan "^1.0.0"
  
  is-fullwidth-code-point@^1.0.0:
    version "1.0.0"
    resolved "http://rbcplatform.artifactoryonline.com/rbcplatform/api/npm/npm-virtual/is-fullwidth-code-point/-/is-fullwidth-code-point-1.0.0.tgz#ef9e31386f031a7f0d643af82fde50c457ef00cb"
    dependencies:
      number-is-nan "^1.0.0"
  
  is-fullwidth-code-point@^2.0.0:
    version "2.0.0"
    resolved "http://rbcplatform.artifactoryonline.com/rbcplatform/api/npm/npm-virtual/is-fullwidth-code-point/-/is-fullwidth-code-point-2.0.0.tgz#a3b30a5c4f199183167aaab93beefae3ddfb654f"
  
  is-stream@^1.1.0:
    version "1.1.0"
    resolved "http://rbcplatform.artifactoryonline.com/rbcplatform/api/npm/npm-virtual/is-stream/-/is-stream-1.1.0.tgz#12d4a3dd4e68e0b79ceb8dbc84173ae80d91ca44"
  
  is-typedarray@~1.0.0:
    version "1.0.0"
    resolved "http://rbcplatform.artifactoryonline.com/rbcplatform/api/npm/npm-virtual/is-typedarray/-/is-typedarray-1.0.0.tgz#e479c80858df0c1b11ddda6940f96011fcda4a9a"
  
  is-utf8@^0.2.0:
    version "0.2.1"
    resolved "http://rbcplatform.artifactoryonline.com/rbcplatform/api/npm/npm-virtual/is-utf8/-/is-utf8-0.2.1.tgz#4b0da1442104d1b336340e80797e865cf39f7d72"
  
  isarray@0.0.1:
    version "0.0.1"
    resolved "http://rbcplatform.artifactoryonline.com/rbcplatform/api/npm/npm-virtual/isarray/-/isarray-0.0.1.tgz#8a18acfca9a8f4177e09abfc6038939b05d1eedf"
  
  isexe@^2.0.0:
    version "2.0.0"
    resolved "http://rbcplatform.artifactoryonline.com/rbcplatform/api/npm/npm-virtual/isexe/-/isexe-2.0.0.tgz#e8fbf374dc556ff8947a10dcb0572d633f2cfa10"
  
  isstream@~0.1.2:
    version "0.1.2"
    resolved "http://rbcplatform.artifactoryonline.com/rbcplatform/api/npm/npm-virtual/isstream/-/isstream-0.1.2.tgz#47e63f7af55afa6f92e1500e690eb8b8529c099a"
  
  jodid25519@^1.0.0:
    version "1.0.2"
    resolved "http://rbcplatform.artifactoryonline.com/rbcplatform/api/npm/npm-virtual/jodid25519/-/jodid25519-1.0.2.tgz#06d4912255093419477d425633606e0e90782967"
    dependencies:
      jsbn "~0.1.0"
  
  js-yaml@~3.5.2:
    version "3.5.5"
    resolved "http://rbcplatform.artifactoryonline.com/rbcplatform/api/npm/npm-virtual/js-yaml/-/js-yaml-3.5.5.tgz#0377c38017cabc7322b0d1fbcd25a491641f2fbe"
    dependencies:
      argparse "^1.0.2"
      esprima "^2.6.0"
  
  jsbn@~0.1.0:
    version "0.1.1"
    resolved "http://rbcplatform.artifactoryonline.com/rbcplatform/api/npm/npm-virtual/jsbn/-/jsbn-0.1.1.tgz#a5e654c2e5a2deb5f201d96cefbca80c0ef2f513"
  
  json-schema@0.2.3:
    version "0.2.3"
    resolved "http://rbcplatform.artifactoryonline.com/rbcplatform/api/npm/npm-virtual/json-schema/-/json-schema-0.2.3.tgz#b480c892e59a2f05954ce727bd3f2a4e882f9e13"
  
  json-stable-stringify@^1.0.1:
    version "1.0.1"
    resolved "http://rbcplatform.artifactoryonline.com/rbcplatform/api/npm/npm-virtual/json-stable-stringify/-/json-stable-stringify-1.0.1.tgz#9a759d39c5f2ff503fd5300646ed445f88c4f9af"
    dependencies:
      jsonify "~0.0.0"
  
  json-stringify-safe@~5.0.1:
    version "5.0.1"
    resolved "http://rbcplatform.artifactoryonline.com/rbcplatform/api/npm/npm-virtual/json-stringify-safe/-/json-stringify-safe-5.0.1.tgz#1296a2d58fd45f19a0f6ce01d65701e2c735b6eb"
  
  json-update@^3.0.0:
    version "3.0.0"
    resolved "http://rbcplatform.artifactoryonline.com/rbcplatform/api/npm/npm-virtual/json-update/-/json-update-3.0.0.tgz#36a6d3203bd5724361cbbee2d54ecf65146ad66d"
    dependencies:
      deep-extend "^0.4.1"
      fs-extra ""
      lockfile "~0.4.2"
      pify "^2.3.0"
      underscore ""
  
  json3@3.3.2:
    version "3.3.2"
    resolved "http://rbcplatform.artifactoryonline.com/rbcplatform/api/npm/npm-virtual/json3/-/json3-3.3.2.tgz#3c0434743df93e2f5c42aee7b19bcb483575f4e1"
  
  jsonfile@^2.1.0:
    version "2.4.0"
    resolved "http://rbcplatform.artifactoryonline.com/rbcplatform/api/npm/npm-virtual/jsonfile/-/jsonfile-2.4.0.tgz#3736a2b428b87bbda0cc83b53fa3d633a35c2ae8"
    optionalDependencies:
      graceful-fs "^4.1.6"
  
  jsonify@~0.0.0:
    version "0.0.0"
    resolved "http://rbcplatform.artifactoryonline.com/rbcplatform/api/npm/npm-virtual/jsonify/-/jsonify-0.0.0.tgz#2c74b6ee41d93ca51b7b5aaee8f503631d252a73"
  
  jsprim@^1.2.2:
    version "1.4.0"
    resolved "http://rbcplatform.artifactoryonline.com/rbcplatform/api/npm/npm-virtual/jsprim/-/jsprim-1.4.0.tgz#a3b87e40298d8c380552d8cc7628a0bb95a22918"
    dependencies:
      assert-plus "1.0.0"
      extsprintf "1.0.2"
      json-schema "0.2.3"
      verror "1.3.6"
  
  lcid@^1.0.0:
    version "1.0.0"
    resolved "http://rbcplatform.artifactoryonline.com/rbcplatform/api/npm/npm-virtual/lcid/-/lcid-1.0.0.tgz#308accafa0bc483a3867b4b6f2b9506251d1b835"
    dependencies:
      invert-kv "^1.0.0"
  
  load-grunt-tasks@^3.5.2:
    version "3.5.2"
    resolved "http://rbcplatform.artifactoryonline.com/rbcplatform/api/npm/npm-virtual/load-grunt-tasks/-/load-grunt-tasks-3.5.2.tgz#0728561180fd20ff8a6927505852fc58aaea0c88"
    dependencies:
      arrify "^1.0.0"
      multimatch "^2.0.0"
      pkg-up "^1.0.0"
      resolve-pkg "^0.1.0"
  
  load-json-file@^1.0.0:
    version "1.1.0"
    resolved "http://rbcplatform.artifactoryonline.com/rbcplatform/api/npm/npm-virtual/load-json-file/-/load-json-file-1.1.0.tgz#956905708d58b4bab4c2261b04f59f31c99374c0"
    dependencies:
      graceful-fs "^4.1.2"
      parse-json "^2.2.0"
      pify "^2.0.0"
      pinkie-promise "^2.0.0"
      strip-bom "^2.0.0"
  
  load-json-file@^2.0.0:
    version "2.0.0"
    resolved "http://rbcplatform.artifactoryonline.com/rbcplatform/api/npm/npm-virtual/load-json-file/-/load-json-file-2.0.0.tgz#7947e42149af80d696cbf797bcaabcfe1fe29ca8"
    dependencies:
      graceful-fs "^4.1.2"
      parse-json "^2.2.0"
      pify "^2.0.0"
      strip-bom "^3.0.0"
  
  locate-path@^2.0.0:
    version "2.0.0"
    resolved "http://rbcplatform.artifactoryonline.com/rbcplatform/api/npm/npm-virtual/locate-path/-/locate-path-2.0.0.tgz#2b568b265eec944c6d9c0de9c3dbbbca0354cd8e"
    dependencies:
      p-locate "^2.0.0"
      path-exists "^3.0.0"
  
  lockfile@~0.4.2:
    version "0.4.3"
    resolved "http://rbcplatform.artifactoryonline.com/rbcplatform/api/npm/npm-virtual/lockfile/-/lockfile-0.4.3.tgz#79b965ee9b32d9dd24b59cf81205e6dcb6d3b224"
  
  lodash._baseassign@^3.0.0:
    version "3.2.0"
    resolved "http://rbcplatform.artifactoryonline.com/rbcplatform/api/npm/npm-virtual/lodash._baseassign/-/lodash._baseassign-3.2.0.tgz#8c38a099500f215ad09e59f1722fd0c52bfe0a4e"
    dependencies:
      lodash._basecopy "^3.0.0"
      lodash.keys "^3.0.0"
  
  lodash._basecopy@^3.0.0:
    version "3.0.1"
    resolved "http://rbcplatform.artifactoryonline.com/rbcplatform/api/npm/npm-virtual/lodash._basecopy/-/lodash._basecopy-3.0.1.tgz#8da0e6a876cf344c0ad8a54882111dd3c5c7ca36"
  
  lodash._basecreate@^3.0.0:
    version "3.0.3"
    resolved "http://rbcplatform.artifactoryonline.com/rbcplatform/api/npm/npm-virtual/lodash._basecreate/-/lodash._basecreate-3.0.3.tgz#1bc661614daa7fc311b7d03bf16806a0213cf821"
  
  lodash._getnative@^3.0.0:
    version "3.9.1"
    resolved "http://rbcplatform.artifactoryonline.com/rbcplatform/api/npm/npm-virtual/lodash._getnative/-/lodash._getnative-3.9.1.tgz#570bc7dede46d61cdcde687d65d3eecbaa3aaff5"
  
  lodash._isiterateecall@^3.0.0:
    version "3.0.9"
    resolved "http://rbcplatform.artifactoryonline.com/rbcplatform/api/npm/npm-virtual/lodash._isiterateecall/-/lodash._isiterateecall-3.0.9.tgz#5203ad7ba425fae842460e696db9cf3e6aac057c"
  
  lodash.create@3.1.1:
    version "3.1.1"
    resolved "http://rbcplatform.artifactoryonline.com/rbcplatform/api/npm/npm-virtual/lodash.create/-/lodash.create-3.1.1.tgz#d7f2849f0dbda7e04682bb8cd72ab022461debe7"
    dependencies:
      lodash._baseassign "^3.0.0"
      lodash._basecreate "^3.0.0"
      lodash._isiterateecall "^3.0.0"
  
  lodash.isarguments@^3.0.0:
    version "3.1.0"
    resolved "http://rbcplatform.artifactoryonline.com/rbcplatform/api/npm/npm-virtual/lodash.isarguments/-/lodash.isarguments-3.1.0.tgz#2f573d85c6a24289ff00663b491c1d338ff3458a"
  
  lodash.isarray@^3.0.0:
    version "3.0.4"
    resolved "http://rbcplatform.artifactoryonline.com/rbcplatform/api/npm/npm-virtual/lodash.isarray/-/lodash.isarray-3.0.4.tgz#79e4eb88c36a8122af86f844aa9bcd851b5fbb55"
  
  lodash.keys@^3.0.0:
    version "3.1.2"
    resolved "http://rbcplatform.artifactoryonline.com/rbcplatform/api/npm/npm-virtual/lodash.keys/-/lodash.keys-3.1.2.tgz#4dbc0472b156be50a0b286855d1bd0b0c656098a"
    dependencies:
      lodash._getnative "^3.0.0"
      lodash.isarguments "^3.0.0"
      lodash.isarray "^3.0.0"
  
  lodash@^4.14.0, lodash@^4.17.2:
    version "4.17.4"
    resolved "http://rbcplatform.artifactoryonline.com/rbcplatform/api/npm/npm-virtual/lodash/-/lodash-4.17.4.tgz#78203a4d1c328ae1d86dca6460e369b57f4055ae"
  
  lodash@~3.10.1:
    version "3.10.1"
    resolved "http://rbcplatform.artifactoryonline.com/rbcplatform/api/npm/npm-virtual/lodash/-/lodash-3.10.1.tgz#5bf45e8e49ba4189e17d482789dfd15bd140b7b6"
  
  lodash@~4.3.0:
    version "4.3.0"
    resolved "http://rbcplatform.artifactoryonline.com/rbcplatform/api/npm/npm-virtual/lodash/-/lodash-4.3.0.tgz#efd9c4a6ec53f3b05412429915c3e4824e4d25a4"
  
  lolex@^1.6.0:
    version "1.6.0"
    resolved "http://rbcplatform.artifactoryonline.com/rbcplatform/api/npm/npm-virtual/lolex/-/lolex-1.6.0.tgz#3a9a0283452a47d7439e72731b9e07d7386e49f6"
  
  loud-rejection@^1.0.0:
    version "1.6.0"
    resolved "http://rbcplatform.artifactoryonline.com/rbcplatform/api/npm/npm-virtual/loud-rejection/-/loud-rejection-1.6.0.tgz#5b46f80147edee578870f086d04821cf998e551f"
    dependencies:
      currently-unhandled "^0.4.1"
      signal-exit "^3.0.0"
  
  lru-cache@^4.0.1:
    version "4.1.1"
    resolved "http://rbcplatform.artifactoryonline.com/rbcplatform/api/npm/npm-virtual/lru-cache/-/lru-cache-4.1.1.tgz#622e32e82488b49279114a4f9ecf45e7cd6bba55"
    dependencies:
      pseudomap "^1.0.2"
      yallist "^2.1.2"
  
  map-obj@^1.0.0, map-obj@^1.0.1:
    version "1.0.1"
    resolved "http://rbcplatform.artifactoryonline.com/rbcplatform/api/npm/npm-virtual/map-obj/-/map-obj-1.0.1.tgz#d933ceb9205d82bdcf4886f6742bdc2b4dea146d"
  
  mem@^1.1.0:
    version "1.1.0"
    resolved "http://rbcplatform.artifactoryonline.com/rbcplatform/api/npm/npm-virtual/mem/-/mem-1.1.0.tgz#5edd52b485ca1d900fe64895505399a0dfa45f76"
    dependencies:
      mimic-fn "^1.0.0"
  
  meow@^3.3.0:
    version "3.7.0"
    resolved "http://rbcplatform.artifactoryonline.com/rbcplatform/api/npm/npm-virtual/meow/-/meow-3.7.0.tgz#72cb668b425228290abbfa856892587308a801fb"
    dependencies:
      camelcase-keys "^2.0.0"
      decamelize "^1.1.2"
      loud-rejection "^1.0.0"
      map-obj "^1.0.1"
      minimist "^1.1.3"
      normalize-package-data "^2.3.4"
      object-assign "^4.0.1"
      read-pkg-up "^1.0.1"
      redent "^1.0.0"
      trim-newlines "^1.0.0"
  
  mime-db@~1.27.0:
    version "1.27.0"
    resolved "http://rbcplatform.artifactoryonline.com/rbcplatform/api/npm/npm-virtual/mime-db/-/mime-db-1.27.0.tgz#820f572296bbd20ec25ed55e5b5de869e5436eb1"
  
  mime-types@^2.1.12, mime-types@~2.1.7:
    version "2.1.15"
    resolved "http://rbcplatform.artifactoryonline.com/rbcplatform/api/npm/npm-virtual/mime-types/-/mime-types-2.1.15.tgz#a4ebf5064094569237b8cf70046776d09fc92aed"
    dependencies:
      mime-db "~1.27.0"
  
  mimic-fn@^1.0.0:
    version "1.1.0"
    resolved "http://rbcplatform.artifactoryonline.com/rbcplatform/api/npm/npm-virtual/mimic-fn/-/mimic-fn-1.1.0.tgz#e667783d92e89dbd342818b5230b9d62a672ad18"
  
  "minimatch@2 || 3", minimatch@^3.0.0, minimatch@^3.0.2, minimatch@^3.0.4, minimatch@~3.0.0:
    version "3.0.4"
    resolved "http://rbcplatform.artifactoryonline.com/rbcplatform/api/npm/npm-virtual/minimatch/-/minimatch-3.0.4.tgz#5166e286457f03306064be5497e8dbb0c3d32083"
    dependencies:
      brace-expansion "^1.1.7"
  
  minimist@0.0.8:
    version "0.0.8"
    resolved "http://rbcplatform.artifactoryonline.com/rbcplatform/api/npm/npm-virtual/minimist/-/minimist-0.0.8.tgz#857fcabfc3397d2625b8228262e86aa7a011b05d"
  
  minimist@^1.1.3:
    version "1.2.0"
    resolved "http://rbcplatform.artifactoryonline.com/rbcplatform/api/npm/npm-virtual/minimist/-/minimist-1.2.0.tgz#a35008b20f41383eec1fb914f4cd5df79a264284"
  
  mkdirp@0.5.1:
    version "0.5.1"
    resolved "http://rbcplatform.artifactoryonline.com/rbcplatform/api/npm/npm-virtual/mkdirp/-/mkdirp-0.5.1.tgz#30057438eac6cf7f8c4767f38648d6697d75c903"
    dependencies:
      minimist "0.0.8"
  
  mocha@^3.4.2:
    version "3.4.2"
    resolved "http://rbcplatform.artifactoryonline.com/rbcplatform/api/npm/npm-virtual/mocha/-/mocha-3.4.2.tgz#d0ef4d332126dbf18d0d640c9b382dd48be97594"
    dependencies:
      browser-stdout "1.3.0"
      commander "2.9.0"
      debug "2.6.0"
      diff "3.2.0"
      escape-string-regexp "1.0.5"
      glob "7.1.1"
      growl "1.9.2"
      json3 "3.3.2"
      lodash.create "3.1.1"
      mkdirp "0.5.1"
      supports-color "3.1.2"
  
  mock-all@^0.0.4:
    version "0.0.4"
    resolved "http://rbcplatform.artifactoryonline.com/rbcplatform/api/npm/npm-virtual/mock-all/-/mock-all-0.0.4.tgz#790b1dfd959908ca5cda21276f994d56fb743e16"
  
  mock-fs@^4.4.1:
    version "4.4.1"
    resolved "http://rbcplatform.artifactoryonline.com/rbcplatform/api/npm/npm-virtual/mock-fs/-/mock-fs-4.4.1.tgz#f285fa025b42a4031faf75b66f632b21e7056683"
  
  ms@0.7.2:
    version "0.7.2"
    resolved "http://rbcplatform.artifactoryonline.com/rbcplatform/api/npm/npm-virtual/ms/-/ms-0.7.2.tgz#ae25cf2512b3885a1d95d7f037868d8431124765"
  
  multimatch@^2.0.0:
    version "2.1.0"
    resolved "http://rbcplatform.artifactoryonline.com/rbcplatform/api/npm/npm-virtual/multimatch/-/multimatch-2.1.0.tgz#9c7906a22fb4c02919e2f5f75161b4cdbd4b2a2b"
    dependencies:
      array-differ "^1.0.0"
      array-union "^1.0.1"
      arrify "^1.0.0"
      minimatch "^3.0.0"
  
  native-promise-only@^0.8.1:
    version "0.8.1"
    resolved "http://rbcplatform.artifactoryonline.com/rbcplatform/api/npm/npm-virtual/native-promise-only/-/native-promise-only-0.8.1.tgz#20a318c30cb45f71fe7adfbf7b21c99c1472ef11"
  
  nopt@~3.0.6:
    version "3.0.6"
    resolved "http://rbcplatform.artifactoryonline.com/rbcplatform/api/npm/npm-virtual/nopt/-/nopt-3.0.6.tgz#c6465dbf08abcd4db359317f79ac68a646b28ff9"
    dependencies:
      abbrev "1"
  
  normalize-package-data@^2.3.2, normalize-package-data@^2.3.4:
    version "2.3.8"
    resolved "http://rbcplatform.artifactoryonline.com/rbcplatform/api/npm/npm-virtual/normalize-package-data/-/normalize-package-data-2.3.8.tgz#d819eda2a9dedbd1ffa563ea4071d936782295bb"
    dependencies:
      hosted-git-info "^2.1.4"
      is-builtin-module "^1.0.0"
      semver "2 || 3 || 4 || 5"
      validate-npm-package-license "^3.0.1"
  
  npm-run-path@^2.0.0:
    version "2.0.2"
    resolved "http://rbcplatform.artifactoryonline.com/rbcplatform/api/npm/npm-virtual/npm-run-path/-/npm-run-path-2.0.2.tgz#35a9232dfa35d7067b4cb2ddf2357b1871536c5f"
    dependencies:
      path-key "^2.0.0"
  
  number-is-nan@^1.0.0:
    version "1.0.1"
    resolved "http://rbcplatform.artifactoryonline.com/rbcplatform/api/npm/npm-virtual/number-is-nan/-/number-is-nan-1.0.1.tgz#097b602b53422a522c1afb8790318336941a011d"
  
  oauth-sign@~0.8.1:
    version "0.8.2"
    resolved "http://rbcplatform.artifactoryonline.com/rbcplatform/api/npm/npm-virtual/oauth-sign/-/oauth-sign-0.8.2.tgz#46a6ab7f0aead8deae9ec0565780b7d4efeb9d43"
  
  object-assign@^4.0.1:
    version "4.1.1"
    resolved "http://rbcplatform.artifactoryonline.com/rbcplatform/api/npm/npm-virtual/object-assign/-/object-assign-4.1.1.tgz#2109adc7965887cfc05cbbd442cac8bfbb360863"
  
  once@^1.3.0:
    version "1.4.0"
    resolved "http://rbcplatform.artifactoryonline.com/rbcplatform/api/npm/npm-virtual/once/-/once-1.4.0.tgz#583b1aa775961d4b113ac17d9c50baef9dd76bd1"
    dependencies:
      wrappy "1"
  
  os-locale@^2.0.0:
    version "2.0.0"
    resolved "http://rbcplatform.artifactoryonline.com/rbcplatform/api/npm/npm-virtual/os-locale/-/os-locale-2.0.0.tgz#15918ded510522b81ee7ae5a309d54f639fc39a4"
    dependencies:
      execa "^0.5.0"
      lcid "^1.0.0"
      mem "^1.1.0"
  
  p-finally@^1.0.0:
    version "1.0.0"
    resolved "http://rbcplatform.artifactoryonline.com/rbcplatform/api/npm/npm-virtual/p-finally/-/p-finally-1.0.0.tgz#3fbcfb15b899a44123b34b6dcc18b724336a2cae"
  
  p-limit@^1.1.0:
    version "1.1.0"
    resolved "http://rbcplatform.artifactoryonline.com/rbcplatform/api/npm/npm-virtual/p-limit/-/p-limit-1.1.0.tgz#b07ff2d9a5d88bec806035895a2bab66a27988bc"
  
  p-locate@^2.0.0:
    version "2.0.0"
    resolved "http://rbcplatform.artifactoryonline.com/rbcplatform/api/npm/npm-virtual/p-locate/-/p-locate-2.0.0.tgz#20a0103b222a70c8fd39cc2e580680f3dde5ec43"
    dependencies:
      p-limit "^1.1.0"
  
  parse-json@^2.2.0:
    version "2.2.0"
    resolved "http://rbcplatform.artifactoryonline.com/rbcplatform/api/npm/npm-virtual/parse-json/-/parse-json-2.2.0.tgz#f480f40434ef80741f8469099f8dea18f55a4dc9"
    dependencies:
      error-ex "^1.2.0"
  
  path-exists@^2.0.0:
    version "2.1.0"
    resolved "http://rbcplatform.artifactoryonline.com/rbcplatform/api/npm/npm-virtual/path-exists/-/path-exists-2.1.0.tgz#0feb6c64f0fc518d9a754dd5efb62c7022761f4b"
    dependencies:
      pinkie-promise "^2.0.0"
  
  path-exists@^3.0.0:
    version "3.0.0"
    resolved "http://rbcplatform.artifactoryonline.com/rbcplatform/api/npm/npm-virtual/path-exists/-/path-exists-3.0.0.tgz#ce0ebeaa5f78cb18925ea7d810d7b59b010fd515"
  
  path-is-absolute@^1.0.0, path-is-absolute@~1.0.0:
    version "1.0.1"
    resolved "http://rbcplatform.artifactoryonline.com/rbcplatform/api/npm/npm-virtual/path-is-absolute/-/path-is-absolute-1.0.1.tgz#174b9268735534ffbc7ace6bf53a5a9e1b5c5f5f"
  
  path-key@^2.0.0:
    version "2.0.1"
    resolved "http://rbcplatform.artifactoryonline.com/rbcplatform/api/npm/npm-virtual/path-key/-/path-key-2.0.1.tgz#411cadb574c5a140d3a4b1910d40d80cc9f40b40"
  
  path-to-regexp@^1.7.0:
    version "1.7.0"
    resolved "http://rbcplatform.artifactoryonline.com/rbcplatform/api/npm/npm-virtual/path-to-regexp/-/path-to-regexp-1.7.0.tgz#59fde0f435badacba103a84e9d3bc64e96b9937d"
    dependencies:
      isarray "0.0.1"
  
  path-type@^1.0.0:
    version "1.1.0"
    resolved "http://rbcplatform.artifactoryonline.com/rbcplatform/api/npm/npm-virtual/path-type/-/path-type-1.1.0.tgz#59c44f7ee491da704da415da5a4070ba4f8fe441"
    dependencies:
      graceful-fs "^4.1.2"
      pify "^2.0.0"
      pinkie-promise "^2.0.0"
  
  path-type@^2.0.0:
    version "2.0.0"
    resolved "http://rbcplatform.artifactoryonline.com/rbcplatform/api/npm/npm-virtual/path-type/-/path-type-2.0.0.tgz#f012ccb8415b7096fc2daa1054c3d72389594c73"
    dependencies:
      pify "^2.0.0"
  
  pathval@^1.0.0:
    version "1.1.0"
    resolved "http://rbcplatform.artifactoryonline.com/rbcplatform/api/npm/npm-virtual/pathval/-/pathval-1.1.0.tgz#b942e6d4bde653005ef6b71361def8727d0645e0"
  
  performance-now@^0.2.0:
    version "0.2.0"
    resolved "http://rbcplatform.artifactoryonline.com/rbcplatform/api/npm/npm-virtual/performance-now/-/performance-now-0.2.0.tgz#33ef30c5c77d4ea21c5a53869d91b56d8f2555e5"
  
  pify@^2.0.0, pify@^2.3.0:
    version "2.3.0"
    resolved "http://rbcplatform.artifactoryonline.com/rbcplatform/api/npm/npm-virtual/pify/-/pify-2.3.0.tgz#ed141a6ac043a849ea588498e7dca8b15330e90c"
  
  pinkie-promise@^2.0.0:
    version "2.0.1"
    resolved "http://rbcplatform.artifactoryonline.com/rbcplatform/api/npm/npm-virtual/pinkie-promise/-/pinkie-promise-2.0.1.tgz#2135d6dfa7a358c069ac9b178776288228450ffa"
    dependencies:
      pinkie "^2.0.0"
  
  pinkie@^2.0.0:
    version "2.0.4"
    resolved "http://rbcplatform.artifactoryonline.com/rbcplatform/api/npm/npm-virtual/pinkie/-/pinkie-2.0.4.tgz#72556b80cfa0d48a974e80e77248e80ed4f7f870"
  
  pkg-up@^1.0.0:
    version "1.0.0"
    resolved "http://rbcplatform.artifactoryonline.com/rbcplatform/api/npm/npm-virtual/pkg-up/-/pkg-up-1.0.0.tgz#3e08fb461525c4421624a33b9f7e6d0af5b05a26"
    dependencies:
      find-up "^1.0.0"
  
  pseudomap@^1.0.2:
    version "1.0.2"
    resolved "http://rbcplatform.artifactoryonline.com/rbcplatform/api/npm/npm-virtual/pseudomap/-/pseudomap-1.0.2.tgz#f052a28da70e618917ef0a8ac34c1ae5a68286b3"
  
  punycode@^1.4.1:
    version "1.4.1"
    resolved "http://rbcplatform.artifactoryonline.com/rbcplatform/api/npm/npm-virtual/punycode/-/punycode-1.4.1.tgz#c0d5a63b2718800ad8e1eb0fa5269c84dd41845e"
  
  qs@~6.4.0:
    version "6.4.0"
    resolved "http://rbcplatform.artifactoryonline.com/rbcplatform/api/npm/npm-virtual/qs/-/qs-6.4.0.tgz#13e26d28ad6b0ffaa91312cd3bf708ed351e7233"
  
  read-pkg-up@^1.0.1:
    version "1.0.1"
    resolved "http://rbcplatform.artifactoryonline.com/rbcplatform/api/npm/npm-virtual/read-pkg-up/-/read-pkg-up-1.0.1.tgz#9d63c13276c065918d57f002a57f40a1b643fb02"
    dependencies:
      find-up "^1.0.0"
      read-pkg "^1.0.0"
  
  read-pkg-up@^2.0.0:
    version "2.0.0"
    resolved "http://rbcplatform.artifactoryonline.com/rbcplatform/api/npm/npm-virtual/read-pkg-up/-/read-pkg-up-2.0.0.tgz#6b72a8048984e0c41e79510fd5e9fa99b3b549be"
    dependencies:
      find-up "^2.0.0"
      read-pkg "^2.0.0"
  
  read-pkg@^1.0.0:
    version "1.1.0"
    resolved "http://rbcplatform.artifactoryonline.com/rbcplatform/api/npm/npm-virtual/read-pkg/-/read-pkg-1.1.0.tgz#f5ffaa5ecd29cb31c0474bca7d756b6bb29e3f28"
    dependencies:
      load-json-file "^1.0.0"
      normalize-package-data "^2.3.2"
      path-type "^1.0.0"
  
  read-pkg@^2.0.0:
    version "2.0.0"
    resolved "http://rbcplatform.artifactoryonline.com/rbcplatform/api/npm/npm-virtual/read-pkg/-/read-pkg-2.0.0.tgz#8ef1c0623c6a6db0dc6713c4bfac46332b2368f8"
    dependencies:
      load-json-file "^2.0.0"
      normalize-package-data "^2.3.2"
      path-type "^2.0.0"
  
  rechoir@^0.6.2:
    version "0.6.2"
    resolved "http://rbcplatform.artifactoryonline.com/rbcplatform/api/npm/npm-virtual/rechoir/-/rechoir-0.6.2.tgz#85204b54dba82d5742e28c96756ef43af50e3384"
    dependencies:
      resolve "^1.1.6"
  
  redent@^1.0.0:
    version "1.0.0"
    resolved "http://rbcplatform.artifactoryonline.com/rbcplatform/api/npm/npm-virtual/redent/-/redent-1.0.0.tgz#cf916ab1fd5f1f16dfb20822dd6ec7f730c2afde"
    dependencies:
      indent-string "^2.1.0"
      strip-indent "^1.0.1"
  
  repeating@^2.0.0:
    version "2.0.1"
    resolved "http://rbcplatform.artifactoryonline.com/rbcplatform/api/npm/npm-virtual/repeating/-/repeating-2.0.1.tgz#5214c53a926d3552707527fbab415dbc08d06dda"
    dependencies:
      is-finite "^1.0.0"
  
  request@^2.79.0:
    version "2.81.0"
    resolved "http://rbcplatform.artifactoryonline.com/rbcplatform/api/npm/npm-virtual/request/-/request-2.81.0.tgz#c6928946a0e06c5f8d6f8a9333469ffda46298a0"
    dependencies:
      aws-sign2 "~0.6.0"
      aws4 "^1.2.1"
      caseless "~0.12.0"
      combined-stream "~1.0.5"
      extend "~3.0.0"
      forever-agent "~0.6.1"
      form-data "~2.1.1"
      har-validator "~4.2.1"
      hawk "~3.1.3"
      http-signature "~1.1.0"
      is-typedarray "~1.0.0"
      isstream "~0.1.2"
      json-stringify-safe "~5.0.1"
      mime-types "~2.1.7"
      oauth-sign "~0.8.1"
      performance-now "^0.2.0"
      qs "~6.4.0"
      safe-buffer "^5.0.1"
      stringstream "~0.0.4"
      tough-cookie "~2.3.0"
      tunnel-agent "^0.6.0"
      uuid "^3.0.0"
  
  require-directory@^2.1.1:
    version "2.1.1"
    resolved "http://rbcplatform.artifactoryonline.com/rbcplatform/api/npm/npm-virtual/require-directory/-/require-directory-2.1.1.tgz#8c64ad5fd30dab1c976e2344ffe7f792a6a6df42"
  
  require-main-filename@^1.0.1:
    version "1.0.1"
    resolved "http://rbcplatform.artifactoryonline.com/rbcplatform/api/npm/npm-virtual/require-main-filename/-/require-main-filename-1.0.1.tgz#97f717b69d48784f5f526a6c5aa8ffdda055a4d1"
  
  resolve-from@^2.0.0:
    version "2.0.0"
    resolved "http://rbcplatform.artifactoryonline.com/rbcplatform/api/npm/npm-virtual/resolve-from/-/resolve-from-2.0.0.tgz#9480ab20e94ffa1d9e80a804c7ea147611966b57"
  
  resolve-pkg@^0.1.0:
    version "0.1.0"
    resolved "http://rbcplatform.artifactoryonline.com/rbcplatform/api/npm/npm-virtual/resolve-pkg/-/resolve-pkg-0.1.0.tgz#02cc993410e2936962bd97166a1b077da9725531"
    dependencies:
      resolve-from "^2.0.0"
  
  resolve@^1.1.6, resolve@~1.1.0:
    version "1.1.7"
    resolved "http://rbcplatform.artifactoryonline.com/rbcplatform/api/npm/npm-virtual/resolve/-/resolve-1.1.7.tgz#203114d82ad2c5ed9e8e0411b3932875e889e97b"
  
  rimraf@~2.2.8:
    version "2.2.8"
    resolved "http://rbcplatform.artifactoryonline.com/rbcplatform/api/npm/npm-virtual/rimraf/-/rimraf-2.2.8.tgz#e439be2aaee327321952730f99a8929e4fc50582"
  
  safe-buffer@^5.0.1:
    version "5.0.1"
    resolved "http://rbcplatform.artifactoryonline.com/rbcplatform/api/npm/npm-virtual/safe-buffer/-/safe-buffer-5.0.1.tgz#d263ca54696cd8a306b5ca6551e92de57918fbe7"
  
  samsam@1.x, samsam@^1.1.3:
    version "1.2.1"
    resolved "http://rbcplatform.artifactoryonline.com/rbcplatform/api/npm/npm-virtual/samsam/-/samsam-1.2.1.tgz#edd39093a3184370cb859243b2bdf255e7d8ea67"
  
  "semver@2 || 3 || 4 || 5", semver@^5.1.0:
    version "5.3.0"
    resolved "http://rbcplatform.artifactoryonline.com/rbcplatform/api/npm/npm-virtual/semver/-/semver-5.3.0.tgz#9b2ce5d3de02d17c6012ad326aa6b4d0cf54f94f"
  
  set-blocking@^2.0.0:
    version "2.0.0"
    resolved "http://rbcplatform.artifactoryonline.com/rbcplatform/api/npm/npm-virtual/set-blocking/-/set-blocking-2.0.0.tgz#045f9782d011ae9a6803ddd382b24392b3d890f7"
  
  shelljs@^0.7.5:
    version "0.7.7"
    resolved "http://rbcplatform.artifactoryonline.com/rbcplatform/api/npm/npm-virtual/shelljs/-/shelljs-0.7.7.tgz#b2f5c77ef97148f4b4f6e22682e10bba8667cff1"
    dependencies:
      glob "^7.0.0"
      interpret "^1.0.0"
      rechoir "^0.6.2"
  
  signal-exit@^3.0.0:
    version "3.0.2"
    resolved "http://rbcplatform.artifactoryonline.com/rbcplatform/api/npm/npm-virtual/signal-exit/-/signal-exit-3.0.2.tgz#b5fdc08f1287ea1178628e415e25132b73646c6d"
  
  sinon@^2.3.4:
    version "2.3.4"
    resolved "http://rbcplatform.artifactoryonline.com/rbcplatform/api/npm/npm-virtual/sinon/-/sinon-2.3.4.tgz#466ad8d1bae86d6db51aa218b92e997bc3e5db88"
    dependencies:
      diff "^3.1.0"
      formatio "1.2.0"
      lolex "^1.6.0"
      native-promise-only "^0.8.1"
      path-to-regexp "^1.7.0"
      samsam "^1.1.3"
      text-encoding "0.6.4"
      type-detect "^4.0.0"
  
  sntp@1.x.x:
    version "1.0.9"
    resolved "http://rbcplatform.artifactoryonline.com/rbcplatform/api/npm/npm-virtual/sntp/-/sntp-1.0.9.tgz#6541184cc90aeea6c6e7b35e2659082443c66198"
    dependencies:
      hoek "2.x.x"
  
  spdx-correct@~1.0.0:
    version "1.0.2"
    resolved "http://rbcplatform.artifactoryonline.com/rbcplatform/api/npm/npm-virtual/spdx-correct/-/spdx-correct-1.0.2.tgz#4b3073d933ff51f3912f03ac5519498a4150db40"
    dependencies:
      spdx-license-ids "^1.0.2"
  
  spdx-expression-parse@~1.0.0:
    version "1.0.4"
    resolved "http://rbcplatform.artifactoryonline.com/rbcplatform/api/npm/npm-virtual/spdx-expression-parse/-/spdx-expression-parse-1.0.4.tgz#9bdf2f20e1f40ed447fbe273266191fced51626c"
  
  spdx-license-ids@^1.0.2:
    version "1.2.2"
    resolved "http://rbcplatform.artifactoryonline.com/rbcplatform/api/npm/npm-virtual/spdx-license-ids/-/spdx-license-ids-1.2.2.tgz#c9df7a3424594ade6bd11900d596696dc06bac57"
  
  sprintf-js@~1.0.2:
    version "1.0.3"
    resolved "http://rbcplatform.artifactoryonline.com/rbcplatform/api/npm/npm-virtual/sprintf-js/-/sprintf-js-1.0.3.tgz#04e6926f662895354f3dd015203633b857297e2c"
  
  sshpk@^1.7.0:
    version "1.13.0"
    resolved "http://rbcplatform.artifactoryonline.com/rbcplatform/api/npm/npm-virtual/sshpk/-/sshpk-1.13.0.tgz#ff2a3e4fd04497555fed97b39a0fd82fafb3a33c"
    dependencies:
      asn1 "~0.2.3"
      assert-plus "^1.0.0"
      dashdash "^1.12.0"
      getpass "^0.1.1"
    optionalDependencies:
      bcrypt-pbkdf "^1.0.0"
      ecc-jsbn "~0.1.1"
      jodid25519 "^1.0.0"
      jsbn "~0.1.0"
      tweetnacl "~0.14.0"
  
  string-width@^1.0.1:
    version "1.0.2"
    resolved "http://rbcplatform.artifactoryonline.com/rbcplatform/api/npm/npm-virtual/string-width/-/string-width-1.0.2.tgz#118bdf5b8cdc51a2a7e70d211e07e2b0b9b107d3"
    dependencies:
      code-point-at "^1.0.0"
      is-fullwidth-code-point "^1.0.0"
      strip-ansi "^3.0.0"
  
  string-width@^2.0.0:
    version "2.1.0"
    resolved "http://rbcplatform.artifactoryonline.com/rbcplatform/api/npm/npm-virtual/string-width/-/string-width-2.1.0.tgz#030664561fc146c9423ec7d978fe2457437fe6d0"
    dependencies:
      is-fullwidth-code-point "^2.0.0"
      strip-ansi "^4.0.0"
  
  stringstream@~0.0.4:
    version "0.0.5"
    resolved "http://rbcplatform.artifactoryonline.com/rbcplatform/api/npm/npm-virtual/stringstream/-/stringstream-0.0.5.tgz#4e484cd4de5a0bbbee18e46307710a8a81621878"
  
  strip-ansi@^3.0.0, strip-ansi@^3.0.1:
    version "3.0.1"
    resolved "http://rbcplatform.artifactoryonline.com/rbcplatform/api/npm/npm-virtual/strip-ansi/-/strip-ansi-3.0.1.tgz#6a385fb8853d952d5ff05d0e8aaf94278dc63dcf"
    dependencies:
      ansi-regex "^2.0.0"
  
  strip-ansi@^4.0.0:
    version "4.0.0"
    resolved "http://rbcplatform.artifactoryonline.com/rbcplatform/api/npm/npm-virtual/strip-ansi/-/strip-ansi-4.0.0.tgz#a8479022eb1ac368a871389b635262c505ee368f"
    dependencies:
      ansi-regex "^3.0.0"
  
  strip-bom@^2.0.0:
    version "2.0.0"
    resolved "http://rbcplatform.artifactoryonline.com/rbcplatform/api/npm/npm-virtual/strip-bom/-/strip-bom-2.0.0.tgz#6219a85616520491f35788bdbf1447a99c7e6b0e"
    dependencies:
      is-utf8 "^0.2.0"
  
  strip-bom@^3.0.0:
    version "3.0.0"
    resolved "http://rbcplatform.artifactoryonline.com/rbcplatform/api/npm/npm-virtual/strip-bom/-/strip-bom-3.0.0.tgz#2334c18e9c759f7bdd56fdef7e9ae3d588e68ed3"
  
  strip-eof@^1.0.0:
    version "1.0.0"
    resolved "http://rbcplatform.artifactoryonline.com/rbcplatform/api/npm/npm-virtual/strip-eof/-/strip-eof-1.0.0.tgz#bb43ff5598a6eb05d89b59fcd129c983313606bf"
  
  strip-indent@^1.0.1:
    version "1.0.1"
    resolved "http://rbcplatform.artifactoryonline.com/rbcplatform/api/npm/npm-virtual/strip-indent/-/strip-indent-1.0.1.tgz#0c7962a6adefa7bbd4ac366460a638552ae1a0a2"
    dependencies:
      get-stdin "^4.0.1"
  
  supports-color@3.1.2:
    version "3.1.2"
    resolved "http://rbcplatform.artifactoryonline.com/rbcplatform/api/npm/npm-virtual/supports-color/-/supports-color-3.1.2.tgz#72a262894d9d408b956ca05ff37b2ed8a6e2a2d5"
    dependencies:
      has-flag "^1.0.0"
  
  supports-color@^2.0.0:
    version "2.0.0"
    resolved "http://rbcplatform.artifactoryonline.com/rbcplatform/api/npm/npm-virtual/supports-color/-/supports-color-2.0.0.tgz#535d045ce6b6363fa40117084629995e9df324c7"
  
  text-encoding@0.6.4:
    version "0.6.4"
    resolved "http://rbcplatform.artifactoryonline.com/rbcplatform/api/npm/npm-virtual/text-encoding/-/text-encoding-0.6.4.tgz#e399a982257a276dae428bb92845cb71bdc26d19"
  
  tough-cookie@~2.3.0:
    version "2.3.2"
    resolved "http://rbcplatform.artifactoryonline.com/rbcplatform/api/npm/npm-virtual/tough-cookie/-/tough-cookie-2.3.2.tgz#f081f76e4c85720e6c37a5faced737150d84072a"
    dependencies:
      punycode "^1.4.1"
  
  trim-newlines@^1.0.0:
    version "1.0.0"
    resolved "http://rbcplatform.artifactoryonline.com/rbcplatform/api/npm/npm-virtual/trim-newlines/-/trim-newlines-1.0.0.tgz#5887966bb582a4503a41eb524f7d35011815a613"
  
  tunnel-agent@^0.6.0:
    version "0.6.0"
    resolved "http://rbcplatform.artifactoryonline.com/rbcplatform/api/npm/npm-virtual/tunnel-agent/-/tunnel-agent-0.6.0.tgz#27a5dea06b36b04a0a9966774b290868f0fc40fd"
    dependencies:
      safe-buffer "^5.0.1"
  
  tweetnacl@^0.14.3, tweetnacl@~0.14.0:
    version "0.14.5"
    resolved "http://rbcplatform.artifactoryonline.com/rbcplatform/api/npm/npm-virtual/tweetnacl/-/tweetnacl-0.14.5.tgz#5ae68177f192d4456269d108afa93ff8743f4f64"
  
  type-detect@^3.0.0:
    version "3.0.0"
    resolved "http://rbcplatform.artifactoryonline.com/rbcplatform/api/npm/npm-virtual/type-detect/-/type-detect-3.0.0.tgz#46d0cc8553abb7b13a352b0d6dea2fd58f2d9b55"
  
  type-detect@^4.0.0:
    version "4.0.3"
    resolved "http://rbcplatform.artifactoryonline.com/rbcplatform/api/npm/npm-virtual/type-detect/-/type-detect-4.0.3.tgz#0e3f2670b44099b0b46c284d136a7ef49c74c2ea"
  
  underscore.string@~3.2.3:
    version "3.2.3"
    resolved "http://rbcplatform.artifactoryonline.com/rbcplatform/api/npm/npm-virtual/underscore.string/-/underscore.string-3.2.3.tgz#806992633665d5e5fcb4db1fb3a862eb68e9e6da"
  
  underscore@:
    version "1.8.3"
    resolved "http://rbcplatform.artifactoryonline.com/rbcplatform/api/npm/npm-virtual/underscore/-/underscore-1.8.3.tgz#4f3fb53b106e6097fcf9cb4109f2a5e9bdfa5022"
  
  uuid@^3.0.0:
    version "3.0.1"
    resolved "http://rbcplatform.artifactoryonline.com/rbcplatform/api/npm/npm-virtual/uuid/-/uuid-3.0.1.tgz#6544bba2dfda8c1cf17e629a3a305e2bb1fee6c1"
  
  validate-npm-package-license@^3.0.1:
    version "3.0.1"
    resolved "http://rbcplatform.artifactoryonline.com/rbcplatform/api/npm/npm-virtual/validate-npm-package-license/-/validate-npm-package-license-3.0.1.tgz#2804babe712ad3379459acfbe24746ab2c303fbc"
    dependencies:
      spdx-correct "~1.0.0"
      spdx-expression-parse "~1.0.0"
  
  verror@1.3.6:
    version "1.3.6"
    resolved "http://rbcplatform.artifactoryonline.com/rbcplatform/api/npm/npm-virtual/verror/-/verror-1.3.6.tgz#cff5df12946d297d2baaefaa2689e25be01c005c"
    dependencies:
      extsprintf "1.0.2"
  
  which-module@^2.0.0:
    version "2.0.0"
    resolved "http://rbcplatform.artifactoryonline.com/rbcplatform/api/npm/npm-virtual/which-module/-/which-module-2.0.0.tgz#d9ef07dce77b9902b8a3a8fa4b31c3e3f7e6e87a"
  
  which@^1.2.9, which@~1.2.1:
    version "1.2.14"
    resolved "http://rbcplatform.artifactoryonline.com/rbcplatform/api/npm/npm-virtual/which/-/which-1.2.14.tgz#9a87c4378f03e827cecaf1acdf56c736c01c14e5"
    dependencies:
      isexe "^2.0.0"
  
  wrap-ansi@^2.0.0:
    version "2.1.0"
    resolved "http://rbcplatform.artifactoryonline.com/rbcplatform/api/npm/npm-virtual/wrap-ansi/-/wrap-ansi-2.1.0.tgz#d8fc3d284dd05794fe84973caecdd1cf824fdd85"
    dependencies:
      string-width "^1.0.1"
      strip-ansi "^3.0.1"
  
  wrappy@1:
    version "1.0.2"
    resolved "http://rbcplatform.artifactoryonline.com/rbcplatform/api/npm/npm-virtual/wrappy/-/wrappy-1.0.2.tgz#b5243d8f3ec1aa35f1364605bc0d1036e30ab69f"
  
  y18n@^3.2.1:
    version "3.2.1"
    resolved "http://rbcplatform.artifactoryonline.com/rbcplatform/api/npm/npm-virtual/y18n/-/y18n-3.2.1.tgz#6d15fba884c08679c0d77e88e7759e811e07fa41"
  
  yallist@^2.1.2:
    version "2.1.2"
    resolved "http://rbcplatform.artifactoryonline.com/rbcplatform/api/npm/npm-virtual/yallist/-/yallist-2.1.2.tgz#1c11f9218f076089a47dd512f93c6699a6a81d52"
  
  yargs-parser@^7.0.0:
    version "7.0.0"
    resolved "http://rbcplatform.artifactoryonline.com/rbcplatform/api/npm/npm-virtual/yargs-parser/-/yargs-parser-7.0.0.tgz#8d0ac42f16ea55debd332caf4c4038b3e3f5dfd9"
    dependencies:
      camelcase "^4.1.0"
  
  yargs@^8.0.2:
    version "8.0.2"
    resolved "http://rbcplatform.artifactoryonline.com/rbcplatform/api/npm/npm-virtual/yargs/-/yargs-8.0.2.tgz#6299a9055b1cefc969ff7e79c1d918dceb22c360"
    dependencies:
      camelcase "^4.1.0"
      cliui "^3.2.0"
      decamelize "^1.1.1"
      get-caller-file "^1.0.1"
      os-locale "^2.0.0"
      read-pkg-up "^2.0.0"
      require-directory "^2.1.1"
      require-main-filename "^1.0.1"
      set-blocking "^2.0.0"
      string-width "^2.0.0"
      which-module "^2.0.0"
      y18n "^3.2.1"
      yargs-parser "^7.0.0"

Trace: 
  Error: canceled
      at Interface.<anonymous> (/usr/local/Cellar/yarn/1.0.2/libexec/lib/cli.js:115330:13)
      at emitNone (events.js:86:13)
      at Interface.emit (events.js:185:7)
      at Interface._ttyWrite (readline.js:734:16)
      at ReadStream.onkeypress (readline.js:126:10)
      at emitTwo (events.js:106:13)
      at ReadStream.emit (events.js:191:7)
      at emitKeys (internal/readline.js:403:14)
      at emitKeys.next (<anonymous>)
      at ReadStream.onData (readline.js:981:36)
